<?xml version="1.0" encoding="UTF-8"?>
<!-- Generated by org.testng.reporters.JUnitReportReporter -->
<testsuite skipped="0" hostname="DESKTOP-UUE2DNC" name="com.qa.maven.MavenTest" tests="2" failures="0" timestamp="06 Dec 2018 14:08:40 GMT" time="0.015" errors="0">
  <testcase name="test" time="0.015" classname="com.qa.maven.MavenTest"/>
  <testcase name="test1" time="0.000" classname="com.qa.maven.MavenTest"/>
</testsuite> <!-- com.qa.maven.MavenTest -->
