<?xml version="1.0" encoding="UTF-8"?>
<!-- Generated by org.testng.reporters.JUnitReportReporter -->
<testsuite skipped="0" hostname="DESKTOP-UUE2DNC" name="com.qa.maven.MavenTest" tests="2" failures="0" timestamp="25 Oct 2018 06:18:56 GMT" time="0.016" errors="0">
  <testcase name="test" time="0.016" classname="com.qa.maven.MavenTest"/>
  <testcase name="test1" time="0.000" classname="com.qa.maven.MavenTest"/>
</testsuite> <!-- com.qa.maven.MavenTest -->
